# JRE version: OpenJDK Runtime Environment (21.0.9) (build 21.0.9+-14649483-b1163.86)
# Java VM: OpenJDK 64-Bit Server VM (21.0.9+-14649483-b1163.86, mixed mode, tiered, compressed oops, compressed class ptrs, g1 gc, windows-amd64)
GC Precious Log:
 CardTable entry size: 512
 Card Set container configuration: InlinePtr #cards 5 size 8 Array Of Cards #cards 12 size 40 Howl #buckets 4 coarsen threshold 1843 Howl Bitmap #cards 512 size 80 coarsen threshold 460 Card regions per heap region 1 cards per card region 2048
 CPUs: 4 total, 4 available
 Memory: 6020M
 Large Page Support: Disabled
 NUMA Support: Disabled
 Compressed Oops: Enabled (32-bit)
 Heap Region Size: 1M
 Heap Min Capacity: 256M
 Heap Initial Capacity: 256M
 Heap Max Capacity: 512M
 Pre-touch: Disabled
 Parallel Workers: 4
 Concurrent Workers: 1
 Concurrent Refinement Workers: 4
 Periodic GC: Disabled
Heap:
 garbage-first heap   total 302080K, used 215501K [0x00000000e0000000, 0x0000000100000000)
  region size 1024K, 62 young (63488K), 7 survivors (7168K)
 Metaspace       used 151970K, committed 153024K, reserved 524288K
  class space    used 20217K, committed 20736K, reserved 327680K
GC Heap History (20 events):
Event: 896.797 GC heap before
{Heap before GC invocations=62 (full 0):
 garbage-first heap   total 297984K, used 258396K [0x00000000e0000000, 0x0000000100000000)
  region size 1024K, 100 young (102400K), 1 survivors (1024K)
 Metaspace       used 140827K, committed 143296K, reserved 458752K
  class space    used 18666K, committed 19648K, reserved 327680K
}
Event: 896.860 GC heap after
{Heap after GC invocations=63 (full 0):
 garbage-first heap   total 297984K, used 159228K [0x00000000e0000000, 0x0000000100000000)
  region size 1024K, 2 young (2048K), 2 survivors (2048K)
 Metaspace       used 140827K, committed 143296K, reserved 458752K
  class space    used 18666K, committed 19648K, reserved 327680K
}
Event: 912.773 GC heap before
{Heap before GC invocations=64 (full 0):
 garbage-first heap   total 297984K, used 280060K [0x00000000e0000000, 0x0000000100000000)
  region size 1024K, 121 young (123904K), 2 survivors (2048K)
 Metaspace       used 140832K, committed 143296K, reserved 458752K
  class space    used 18668K, committed 19648K, reserved 327680K
}
Event: 912.791 GC heap after
{Heap after GC invocations=65 (full 0):
 garbage-first heap   total 297984K, used 159450K [0x00000000e0000000, 0x0000000100000000)
  region size 1024K, 2 young (2048K), 2 survivors (2048K)
 Metaspace       used 140832K, committed 143296K, reserved 458752K
  class space    used 18668K, committed 19648K, reserved 327680K
}
Event: 916.328 GC heap before
{Heap before GC invocations=65 (full 0):
 garbage-first heap   total 297984K, used 282330K [0x00000000e0000000, 0x0000000100000000)
  region size 1024K, 121 young (123904K), 2 survivors (2048K)
 Metaspace       used 140850K, committed 143296K, reserved 458752K
  class space    used 18673K, committed 19648K, reserved 327680K
}
Event: 916.446 GC heap after
{Heap after GC invocations=66 (full 0):
 garbage-first heap   total 297984K, used 157864K [0x00000000e0000000, 0x0000000100000000)
  region size 1024K, 6 young (6144K), 6 survivors (6144K)
 Metaspace       used 140850K, committed 143296K, reserved 458752K
  class space    used 18673K, committed 19648K, reserved 327680K
}
Event: 920.513 GC heap before
{Heap before GC invocations=66 (full 0):
 garbage-first heap   total 297984K, used 280744K [0x00000000e0000000, 0x0000000100000000)
  region size 1024K, 126 young (129024K), 6 survivors (6144K)
 Metaspace       used 140874K, committed 143296K, reserved 458752K
  class space    used 18673K, committed 19648K, reserved 327680K
}
Event: 920.541 GC heap after
{Heap after GC invocations=67 (full 0):
 garbage-first heap   total 297984K, used 160161K [0x00000000e0000000, 0x0000000100000000)
  region size 1024K, 8 young (8192K), 8 survivors (8192K)
 Metaspace       used 140874K, committed 143296K, reserved 458752K
  class space    used 18673K, committed 19648K, reserved 327680K
}
Event: 921.787 GC heap before
{Heap before GC invocations=67 (full 0):
 garbage-first heap   total 297984K, used 169377K [0x00000000e0000000, 0x0000000100000000)
  region size 1024K, 18 young (18432K), 8 survivors (8192K)
 Metaspace       used 140887K, committed 143296K, reserved 458752K
  class space    used 18673K, committed 19648K, reserved 327680K
}
Event: 921.829 GC heap after
{Heap after GC invocations=68 (full 0):
 garbage-first heap   total 297984K, used 158720K [0x00000000e0000000, 0x0000000100000000)
  region size 1024K, 6 young (6144K), 6 survivors (6144K)
 Metaspace       used 140887K, committed 143296K, reserved 458752K
  class space    used 18673K, committed 19648K, reserved 327680K
}
Event: 933.046 GC heap before
{Heap before GC invocations=69 (full 0):
 garbage-first heap   total 297984K, used 287744K [0x00000000e0000000, 0x0000000100000000)
  region size 1024K, 126 young (129024K), 6 survivors (6144K)
 Metaspace       used 140936K, committed 143296K, reserved 458752K
  class space    used 18674K, committed 19648K, reserved 327680K
}
Event: 933.069 GC heap after
{Heap after GC invocations=70 (full 0):
 garbage-first heap   total 302080K, used 166490K [0x00000000e0000000, 0x0000000100000000)
  region size 1024K, 13 young (13312K), 13 survivors (13312K)
 Metaspace       used 140936K, committed 143296K, reserved 458752K
  class space    used 18674K, committed 19648K, reserved 327680K
}
Event: 933.701 GC heap before
{Heap before GC invocations=70 (full 0):
 garbage-first heap   total 302080K, used 285274K [0x00000000e0000000, 0x0000000100000000)
  region size 1024K, 129 young (132096K), 13 survivors (13312K)
 Metaspace       used 140937K, committed 143296K, reserved 458752K
  class space    used 18674K, committed 19648K, reserved 327680K
}
Event: 933.724 GC heap after
{Heap after GC invocations=71 (full 0):
 garbage-first heap   total 302080K, used 161900K [0x00000000e0000000, 0x0000000100000000)
  region size 1024K, 9 young (9216K), 9 survivors (9216K)
 Metaspace       used 140937K, committed 143296K, reserved 458752K
  class space    used 18674K, committed 19648K, reserved 327680K
}
Event: 934.685 GC heap before
{Heap before GC invocations=71 (full 0):
 garbage-first heap   total 302080K, used 215148K [0x00000000e0000000, 0x0000000100000000)
  region size 1024K, 62 young (63488K), 9 survivors (9216K)
 Metaspace       used 140937K, committed 143296K, reserved 458752K
  class space    used 18674K, committed 19648K, reserved 327680K
}
Event: 934.695 GC heap after
{Heap after GC invocations=72 (full 0):
 garbage-first heap   total 302080K, used 164226K [0x00000000e0000000, 0x0000000100000000)
  region size 1024K, 11 young (11264K), 11 survivors (11264K)
 Metaspace       used 140937K, committed 143296K, reserved 458752K
  class space    used 18674K, committed 19648K, reserved 327680K
}
Event: 939.070 GC heap before
{Heap before GC invocations=72 (full 0):
 garbage-first heap   total 302080K, used 286082K [0x00000000e0000000, 0x0000000100000000)
  region size 1024K, 129 young (132096K), 11 survivors (11264K)
 Metaspace       used 140889K, committed 143296K, reserved 458752K
  class space    used 18660K, committed 19648K, reserved 327680K
}
Event: 939.080 GC heap after
{Heap after GC invocations=73 (full 0):
 garbage-first heap   total 302080K, used 157320K [0x00000000e0000000, 0x0000000100000000)
  region size 1024K, 3 young (3072K), 3 survivors (3072K)
 Metaspace       used 140889K, committed 143296K, reserved 458752K
  class space    used 18660K, committed 19648K, reserved 327680K
}
Event: 950.044 GC heap before
{Heap before GC invocations=74 (full 0):
 garbage-first heap   total 302080K, used 284296K [0x00000000e0000000, 0x0000000100000000)
  region size 1024K, 128 young (131072K), 3 survivors (3072K)
 Metaspace       used 146355K, committed 147456K, reserved 458752K
  class space    used 19462K, committed 19968K, reserved 327680K
}
Event: 950.063 GC heap after
{Heap after GC invocations=75 (full 0):
 garbage-first heap   total 302080K, used 161229K [0x00000000e0000000, 0x0000000100000000)
  region size 1024K, 7 young (7168K), 7 survivors (7168K)
 Metaspace       used 146355K, committed 147456K, reserved 458752K
  class space    used 19462K, committed 19968K, reserved 327680K
}

